<?xml version="1.0" encoding="UTF-8"?>
<!-- Generated by org.testng.reporters.JUnitReportReporter -->
<testsuite skipped="0" hostname="Poonams-MacBook-Air.local" name="firsttestngpackage.FirstTestNGFile" tests="2" failures="0" timestamp="27 Nov 2017 19:54:57 GMT" time="10.323" errors="0">
  <testcase name="gotoURL" time="4.710" classname="firsttestngpackage.FirstTestNGFile"/>
  <testcase name="SignIn" time="5.613" classname="firsttestngpackage.FirstTestNGFile"/>
</testsuite> <!-- firsttestngpackage.FirstTestNGFile -->
