<?xml version="1.0" encoding="UTF-8"?>
<testsuite xmlns:xsi="http://www.w3.org/2001/XMLSchema-instance" xsi:noNamespaceSchemaLocation="https://maven.apache.org/surefire/maven-surefire-plugin/xsd/surefire-test-report.xsd" name="TestSuite" time="3.382" tests="5" errors="0" skipped="0" failures="0">
  <properties>
    <property name="gopherProxySet" value="false"/>
    <property name="awt.toolkit" value="sun.lwawt.macosx.LWCToolkit"/>
    <property name="file.encoding.pkg" value="sun.io"/>
    <property name="java.specification.version" value="1.8"/>
    <property name="sun.cpu.isalist" value=""/>
    <property name="sun.jnu.encoding" value="UTF-8"/>
    <property name="java.class.path" value="/Users/hanu/Documents/workspace/SeleniumMaven/target/test-classes:/Users/hanu/Documents/workspace/SeleniumMaven/target/classes:/Users/hanu/.m2/repository/org/seleniumhq/selenium/selenium-java/3.6.0/selenium-java-3.6.0.jar:/Users/hanu/.m2/repository/org/seleniumhq/selenium/selenium-api/3.6.0/selenium-api-3.6.0.jar:/Users/hanu/.m2/repository/org/seleniumhq/selenium/selenium-chrome-driver/3.6.0/selenium-chrome-driver-3.6.0.jar:/Users/hanu/.m2/repository/org/seleniumhq/selenium/selenium-edge-driver/3.6.0/selenium-edge-driver-3.6.0.jar:/Users/hanu/.m2/repository/org/seleniumhq/selenium/selenium-firefox-driver/3.6.0/selenium-firefox-driver-3.6.0.jar:/Users/hanu/.m2/repository/org/seleniumhq/selenium/selenium-ie-driver/3.6.0/selenium-ie-driver-3.6.0.jar:/Users/hanu/.m2/repository/org/seleniumhq/selenium/selenium-opera-driver/3.6.0/selenium-opera-driver-3.6.0.jar:/Users/hanu/.m2/repository/org/seleniumhq/selenium/selenium-remote-driver/3.6.0/selenium-remote-driver-3.6.0.jar:/Users/hanu/.m2/repository/org/seleniumhq/selenium/selenium-safari-driver/3.6.0/selenium-safari-driver-3.6.0.jar:/Users/hanu/.m2/repository/org/seleniumhq/selenium/selenium-support/3.6.0/selenium-support-3.6.0.jar:/Users/hanu/.m2/repository/net/bytebuddy/byte-buddy/1.7.5/byte-buddy-1.7.5.jar:/Users/hanu/.m2/repository/org/apache/commons/commons-exec/1.3/commons-exec-1.3.jar:/Users/hanu/.m2/repository/commons-codec/commons-codec/1.10/commons-codec-1.10.jar:/Users/hanu/.m2/repository/commons-logging/commons-logging/1.2/commons-logging-1.2.jar:/Users/hanu/.m2/repository/com/google/code/gson/gson/2.8.0/gson-2.8.0.jar:/Users/hanu/.m2/repository/com/google/guava/guava/23.0/guava-23.0.jar:/Users/hanu/.m2/repository/com/google/code/findbugs/jsr305/1.3.9/jsr305-1.3.9.jar:/Users/hanu/.m2/repository/com/google/errorprone/error_prone_annotations/2.0.18/error_prone_annotations-2.0.18.jar:/Users/hanu/.m2/repository/com/google/j2objc/j2objc-annotations/1.1/j2objc-annotations-1.1.jar:/Users/hanu/.m2/repository/org/codehaus/mojo/animal-sniffer-annotations/1.14/animal-sniffer-annotations-1.14.jar:/Users/hanu/.m2/repository/org/apache/httpcomponents/httpclient/4.5.3/httpclient-4.5.3.jar:/Users/hanu/.m2/repository/org/apache/httpcomponents/httpcore/4.4.6/httpcore-4.4.6.jar:/Users/hanu/.m2/repository/net/java/dev/jna/jna/4.1.0/jna-4.1.0.jar:/Users/hanu/.m2/repository/net/java/dev/jna/jna-platform/4.1.0/jna-platform-4.1.0.jar:/Users/hanu/.m2/repository/org/testng/testng/7.0.0/testng-7.0.0.jar:/Users/hanu/.m2/repository/com/beust/jcommander/1.72/jcommander-1.72.jar:/Users/hanu/.m2/repository/com/google/inject/guice/4.1.0/guice-4.1.0-no_aop.jar:/Users/hanu/.m2/repository/ru/yandex/qatools/allure/allure-testng-adaptor/1.5.4/allure-testng-adaptor-1.5.4.jar:/Users/hanu/.m2/repository/ru/yandex/qatools/allure/allure-java-aspects/1.5.4/allure-java-aspects-1.5.4.jar:/Users/hanu/.m2/repository/ru/yandex/qatools/allure/allure-java-adaptor-api/1.5.4/allure-java-adaptor-api-1.5.4.jar:/Users/hanu/.m2/repository/ru/yandex/qatools/allure/allure-java-annotations/1.5.4/allure-java-annotations-1.5.4.jar:/Users/hanu/.m2/repository/ru/yandex/qatools/allure/allure-model/1.5.4/allure-model-1.5.4.jar:/Users/hanu/.m2/repository/org/jvnet/jaxb2_commons/jaxb2-basics-runtime/0.9.3/jaxb2-basics-runtime-0.9.3.jar:/Users/hanu/.m2/repository/ru/qatools/commons/properties/2.0.RC5/properties-2.0.RC5.jar:/Users/hanu/.m2/repository/org/apache/tika/tika-core/1.7/tika-core-1.7.jar:/Users/hanu/.m2/repository/org/aspectj/aspectjrt/1.8.3/aspectjrt-1.8.3.jar:/Users/hanu/.m2/repository/org/slf4j/slf4j-simple/1.7.21/slf4j-simple-1.7.21.jar:/Users/hanu/.m2/repository/org/slf4j/slf4j-api/1.7.21/slf4j-api-1.7.21.jar:/Users/hanu/.m2/repository/org/uncommons/reportng/1.1.4/reportng-1.1.4.jar:/Users/hanu/.m2/repository/velocity/velocity/1.4/velocity-1.4.jar:/Users/hanu/.m2/repository/velocity/velocity-dep/1.4/velocity-dep-1.4.jar:/Users/hanu/.m2/repository/com/google/inject/guice/3.0/guice-3.0.jar:/Users/hanu/.m2/repository/javax/inject/javax.inject/1/javax.inject-1.jar:/Users/hanu/.m2/repository/aopalliance/aopalliance/1.0/aopalliance-1.0.jar:/Users/hanu/.m2/repository/org/apache-extras/beanshell/bsh/2.0b6/bsh-2.0b6.jar:/Users/hanu/.m2/repository/javax/xml/bind/jaxb-api/2.3.1/jaxb-api-2.3.1.jar:/Users/hanu/.m2/repository/javax/activation/javax.activation-api/1.2.0/javax.activation-api-1.2.0.jar:"/>
    <property name="java.vm.vendor" value="Oracle Corporation"/>
    <property name="sun.arch.data.model" value="64"/>
    <property name="java.vendor.url" value="http://java.oracle.com/"/>
    <property name="user.timezone" value=""/>
    <property name="java.vm.specification.version" value="1.8"/>
    <property name="os.name" value="Mac OS X"/>
    <property name="user.country" value="US"/>
    <property name="sun.java.launcher" value="SUN_STANDARD"/>
    <property name="sun.boot.library.path" value="/Library/Java/JavaVirtualMachines/jdk1.8.0_60.jdk/Contents/Home/jre/lib"/>
    <property name="sun.java.command" value="/Users/hanu/Documents/workspace/SeleniumMaven/target/surefire/surefirebooter6751667433554403045.jar /Users/hanu/Documents/workspace/SeleniumMaven/target/surefire 2019-10-01T14-42-14_281-jvmRun1 surefire5978884430081010601tmp surefire_06034262042973921215tmp"/>
    <property name="http.nonProxyHosts" value="local|*.local|169.254/16|*.169.254/16"/>
    <property name="surefire.test.class.path" value="/Users/hanu/Documents/workspace/SeleniumMaven/target/test-classes:/Users/hanu/Documents/workspace/SeleniumMaven/target/classes:/Users/hanu/.m2/repository/org/seleniumhq/selenium/selenium-java/3.6.0/selenium-java-3.6.0.jar:/Users/hanu/.m2/repository/org/seleniumhq/selenium/selenium-api/3.6.0/selenium-api-3.6.0.jar:/Users/hanu/.m2/repository/org/seleniumhq/selenium/selenium-chrome-driver/3.6.0/selenium-chrome-driver-3.6.0.jar:/Users/hanu/.m2/repository/org/seleniumhq/selenium/selenium-edge-driver/3.6.0/selenium-edge-driver-3.6.0.jar:/Users/hanu/.m2/repository/org/seleniumhq/selenium/selenium-firefox-driver/3.6.0/selenium-firefox-driver-3.6.0.jar:/Users/hanu/.m2/repository/org/seleniumhq/selenium/selenium-ie-driver/3.6.0/selenium-ie-driver-3.6.0.jar:/Users/hanu/.m2/repository/org/seleniumhq/selenium/selenium-opera-driver/3.6.0/selenium-opera-driver-3.6.0.jar:/Users/hanu/.m2/repository/org/seleniumhq/selenium/selenium-remote-driver/3.6.0/selenium-remote-driver-3.6.0.jar:/Users/hanu/.m2/repository/org/seleniumhq/selenium/selenium-safari-driver/3.6.0/selenium-safari-driver-3.6.0.jar:/Users/hanu/.m2/repository/org/seleniumhq/selenium/selenium-support/3.6.0/selenium-support-3.6.0.jar:/Users/hanu/.m2/repository/net/bytebuddy/byte-buddy/1.7.5/byte-buddy-1.7.5.jar:/Users/hanu/.m2/repository/org/apache/commons/commons-exec/1.3/commons-exec-1.3.jar:/Users/hanu/.m2/repository/commons-codec/commons-codec/1.10/commons-codec-1.10.jar:/Users/hanu/.m2/repository/commons-logging/commons-logging/1.2/commons-logging-1.2.jar:/Users/hanu/.m2/repository/com/google/code/gson/gson/2.8.0/gson-2.8.0.jar:/Users/hanu/.m2/repository/com/google/guava/guava/23.0/guava-23.0.jar:/Users/hanu/.m2/repository/com/google/code/findbugs/jsr305/1.3.9/jsr305-1.3.9.jar:/Users/hanu/.m2/repository/com/google/errorprone/error_prone_annotations/2.0.18/error_prone_annotations-2.0.18.jar:/Users/hanu/.m2/repository/com/google/j2objc/j2objc-annotations/1.1/j2objc-annotations-1.1.jar:/Users/hanu/.m2/repository/org/codehaus/mojo/animal-sniffer-annotations/1.14/animal-sniffer-annotations-1.14.jar:/Users/hanu/.m2/repository/org/apache/httpcomponents/httpclient/4.5.3/httpclient-4.5.3.jar:/Users/hanu/.m2/repository/org/apache/httpcomponents/httpcore/4.4.6/httpcore-4.4.6.jar:/Users/hanu/.m2/repository/net/java/dev/jna/jna/4.1.0/jna-4.1.0.jar:/Users/hanu/.m2/repository/net/java/dev/jna/jna-platform/4.1.0/jna-platform-4.1.0.jar:/Users/hanu/.m2/repository/org/testng/testng/7.0.0/testng-7.0.0.jar:/Users/hanu/.m2/repository/com/beust/jcommander/1.72/jcommander-1.72.jar:/Users/hanu/.m2/repository/com/google/inject/guice/4.1.0/guice-4.1.0-no_aop.jar:/Users/hanu/.m2/repository/ru/yandex/qatools/allure/allure-testng-adaptor/1.5.4/allure-testng-adaptor-1.5.4.jar:/Users/hanu/.m2/repository/ru/yandex/qatools/allure/allure-java-aspects/1.5.4/allure-java-aspects-1.5.4.jar:/Users/hanu/.m2/repository/ru/yandex/qatools/allure/allure-java-adaptor-api/1.5.4/allure-java-adaptor-api-1.5.4.jar:/Users/hanu/.m2/repository/ru/yandex/qatools/allure/allure-java-annotations/1.5.4/allure-java-annotations-1.5.4.jar:/Users/hanu/.m2/repository/ru/yandex/qatools/allure/allure-model/1.5.4/allure-model-1.5.4.jar:/Users/hanu/.m2/repository/org/jvnet/jaxb2_commons/jaxb2-basics-runtime/0.9.3/jaxb2-basics-runtime-0.9.3.jar:/Users/hanu/.m2/repository/ru/qatools/commons/properties/2.0.RC5/properties-2.0.RC5.jar:/Users/hanu/.m2/repository/org/apache/tika/tika-core/1.7/tika-core-1.7.jar:/Users/hanu/.m2/repository/org/aspectj/aspectjrt/1.8.3/aspectjrt-1.8.3.jar:/Users/hanu/.m2/repository/org/slf4j/slf4j-simple/1.7.21/slf4j-simple-1.7.21.jar:/Users/hanu/.m2/repository/org/slf4j/slf4j-api/1.7.21/slf4j-api-1.7.21.jar:/Users/hanu/.m2/repository/org/uncommons/reportng/1.1.4/reportng-1.1.4.jar:/Users/hanu/.m2/repository/velocity/velocity/1.4/velocity-1.4.jar:/Users/hanu/.m2/repository/velocity/velocity-dep/1.4/velocity-dep-1.4.jar:/Users/hanu/.m2/repository/com/google/inject/guice/3.0/guice-3.0.jar:/Users/hanu/.m2/repository/javax/inject/javax.inject/1/javax.inject-1.jar:/Users/hanu/.m2/repository/aopalliance/aopalliance/1.0/aopalliance-1.0.jar:/Users/hanu/.m2/repository/org/apache-extras/beanshell/bsh/2.0b6/bsh-2.0b6.jar:/Users/hanu/.m2/repository/javax/xml/bind/jaxb-api/2.3.1/jaxb-api-2.3.1.jar:/Users/hanu/.m2/repository/javax/activation/javax.activation-api/1.2.0/javax.activation-api-1.2.0.jar:"/>
    <property name="sun.cpu.endian" value="little"/>
    <property name="user.home" value="/Users/hanu"/>
    <property name="user.language" value="en"/>
    <property name="java.specification.vendor" value="Oracle Corporation"/>
    <property name="java.home" value="/Library/Java/JavaVirtualMachines/jdk1.8.0_60.jdk/Contents/Home/jre"/>
    <property name="basedir" value="/Users/hanu/Documents/workspace/SeleniumMaven"/>
    <property name="file.separator" value="/"/>
    <property name="line.separator" value="&#10;"/>
    <property name="java.vm.specification.vendor" value="Oracle Corporation"/>
    <property name="java.specification.name" value="Java Platform API Specification"/>
    <property name="java.awt.graphicsenv" value="sun.awt.CGraphicsEnvironment"/>
    <property name="surefire.real.class.path" value="/Users/hanu/Documents/workspace/SeleniumMaven/target/surefire/surefirebooter6751667433554403045.jar:/Users/hanu/.m2/repository/org/aspectj/aspectjweaver/1.7.4/aspectjweaver-1.7.4.jar"/>
    <property name="sun.boot.class.path" value="/Library/Java/JavaVirtualMachines/jdk1.8.0_60.jdk/Contents/Home/jre/lib/resources.jar:/Library/Java/JavaVirtualMachines/jdk1.8.0_60.jdk/Contents/Home/jre/lib/rt.jar:/Library/Java/JavaVirtualMachines/jdk1.8.0_60.jdk/Contents/Home/jre/lib/sunrsasign.jar:/Library/Java/JavaVirtualMachines/jdk1.8.0_60.jdk/Contents/Home/jre/lib/jsse.jar:/Library/Java/JavaVirtualMachines/jdk1.8.0_60.jdk/Contents/Home/jre/lib/jce.jar:/Library/Java/JavaVirtualMachines/jdk1.8.0_60.jdk/Contents/Home/jre/lib/charsets.jar:/Library/Java/JavaVirtualMachines/jdk1.8.0_60.jdk/Contents/Home/jre/lib/jfr.jar:/Library/Java/JavaVirtualMachines/jdk1.8.0_60.jdk/Contents/Home/jre/classes"/>
    <property name="sun.management.compiler" value="HotSpot 64-Bit Tiered Compilers"/>
    <property name="ftp.nonProxyHosts" value="local|*.local|169.254/16|*.169.254/16"/>
    <property name="java.runtime.version" value="1.8.0_60-b27"/>
    <property name="user.name" value="hanu"/>
    <property name="path.separator" value=":"/>
    <property name="os.version" value="10.10.5"/>
    <property name="java.endorsed.dirs" value="/Library/Java/JavaVirtualMachines/jdk1.8.0_60.jdk/Contents/Home/jre/lib/endorsed"/>
    <property name="java.runtime.name" value="Java(TM) SE Runtime Environment"/>
    <property name="file.encoding" value="UTF-8"/>
    <property name="java.vm.name" value="Java HotSpot(TM) 64-Bit Server VM"/>
    <property name="localRepository" value="/Users/hanu/.m2/repository"/>
    <property name="java.vendor.url.bug" value="http://bugreport.sun.com/bugreport/"/>
    <property name="java.io.tmpdir" value="/var/folders/nl/bhw79llx2l77cgj6pmz1l16w0000gn/T/"/>
    <property name="java.version" value="1.8.0_60"/>
    <property name="user.dir" value="/Users/hanu/Documents/workspace/SeleniumMaven"/>
    <property name="os.arch" value="x86_64"/>
    <property name="java.vm.specification.name" value="Java Virtual Machine Specification"/>
    <property name="java.awt.printerjob" value="sun.lwawt.macosx.CPrinterJob"/>
    <property name="sun.os.patch.level" value="unknown"/>
    <property name="java.library.path" value="/Users/hanu/Library/Java/Extensions:/Library/Java/Extensions:/Network/Library/Java/Extensions:/System/Library/Java/Extensions:/usr/lib/java:."/>
    <property name="java.vm.info" value="mixed mode"/>
    <property name="java.vendor" value="Oracle Corporation"/>
    <property name="java.vm.version" value="25.60-b23"/>
    <property name="java.ext.dirs" value="/Users/hanu/Library/Java/Extensions:/Library/Java/JavaVirtualMachines/jdk1.8.0_60.jdk/Contents/Home/jre/lib/ext:/Library/Java/Extensions:/Network/Library/Java/Extensions:/System/Library/Java/Extensions:/usr/lib/java"/>
    <property name="sun.io.unicode.encoding" value="UnicodeBig"/>
    <property name="java.class.version" value="52.0"/>
    <property name="socksNonProxyHosts" value="local|*.local|169.254/16|*.169.254/16"/>
  </properties>
  <testcase name="validateHeaderFooter" classname="firsttestngpackage.PreloginPageTest" time="0.04"/>
  <testcase name="validateLogo" classname="firsttestngpackage.PreloginPageTest" time="0"/>
  <testcase name="validateTabs" classname="firsttestngpackage.PreloginPageTest" time="0.001"/>
  <testcase name="validateUrl" classname="firsttestngpackage.PreloginPageTest" time="0.001"/>
  <testcase name="loginPageTest" classname="firsttestngpackage.LoginPageTest" time="0.001"/>
</testsuite>