<?xml version="1.0" encoding="UTF-8"?>
<!-- Generated by org.testng.reporters.JUnitReportReporter -->
<testsuite skipped="0" hostname="Poonams-MacBook-Air.local" name="firsttestngpackage.LoginPageTest" tests="2" failures="0" timestamp="12 Sep 2019 13:18:46 GMT" time="0.060" errors="0">
  <testcase name="validateRememberPasswordChrckboxField" time="0.003" classname="firsttestngpackage.LoginPageTest"/>
  <testcase name="validateForgetPassowrdField" time="0.057" classname="firsttestngpackage.LoginPageTest"/>
</testsuite> <!-- firsttestngpackage.LoginPageTest -->
