<?xml version="1.0" encoding="UTF-8"?>
<!-- Generated by org.testng.reporters.JUnitReportReporter -->
<testsuite hostname="Poonams-MacBook-Air.local" name="firsttestngpackage.FirstTestNGFile" tests="2" failures="0" timestamp="18 Aug 2017 17:22:21 GMT" time="10.081" errors="0">
  <testcase name="SignIn" time="6.551" classname="firsttestngpackage.FirstTestNGFile"/>
  <testcase name="gotoURL" time="3.530" classname="firsttestngpackage.FirstTestNGFile"/>
</testsuite> <!-- firsttestngpackage.FirstTestNGFile -->
