<?xml version="1.0" encoding="UTF-8"?>
<!-- Generated by org.testng.reporters.JUnitReportReporter -->
<testsuite hostname="Poonams-MacBook-Air.local" name="firsttestngpackage.FirstTestNGFile" tests="2" failures="0" timestamp="13 Nov 2017 20:15:39 GMT" time="9.728" errors="0">
  <testcase name="SignIn" time="5.128" classname="firsttestngpackage.FirstTestNGFile"/>
  <testcase name="gotoURL" time="4.600" classname="firsttestngpackage.FirstTestNGFile"/>
</testsuite> <!-- firsttestngpackage.FirstTestNGFile -->
