<?xml version="1.0" encoding="UTF-8"?>
<!-- Generated by org.testng.reporters.JUnitReportReporter -->
<testsuite skipped="0" hostname="Poonams-MacBook-Air.local" name="firsttestngpackage.PreloginPageTest" tests="3" failures="0" timestamp="12 Sep 2019 13:08:55 GMT" time="0.563" errors="0">
  <testcase name="validateUrl" time="0.004" classname="firsttestngpackage.PreloginPageTest"/>
  <testcase name="validateLogo" time="0.556" classname="firsttestngpackage.PreloginPageTest"/>
  <testcase name="validateTabs" time="0.003" classname="firsttestngpackage.PreloginPageTest"/>
</testsuite> <!-- firsttestngpackage.PreloginPageTest -->
