<?xml version="1.0" encoding="UTF-8"?>
<!-- Generated by org.testng.reporters.JUnitReportReporter -->
<testsuite skipped="0" hostname="Poonams-MacBook-Air.local" name="firsttestngpackage.FirstTestNGFile" tests="2" failures="0" timestamp="12 Sep 2019 14:01:39 GMT" time="0.086" errors="0">
  <testcase name="SignIn" time="0.003" classname="firsttestngpackage.FirstTestNGFile"/>
  <testcase name="gotoURL" time="0.083" classname="firsttestngpackage.FirstTestNGFile"/>
</testsuite> <!-- firsttestngpackage.FirstTestNGFile -->
