<?xml version="1.0" encoding="UTF-8"?>
<!-- Generated by org.testng.reporters.JUnitReportReporter -->
<testsuite skipped="0" hostname="Poonams-MacBook-Air.local" name="firsttestngpackage.PreloginPageTest" tests="1" failures="0" timestamp="2019-11-03T16:36:49 EST" time="0.014" errors="0">
  <testcase name="preloginPageTest" time="0.014" classname="firsttestngpackage.PreloginPageTest"/>
</testsuite> <!-- firsttestngpackage.PreloginPageTest -->
