<?xml version="1.0" encoding="UTF-8"?>
<!-- Generated by org.testng.reporters.JUnitReportReporter -->
<testsuite skipped="0" hostname="Poonams-MacBook-Air.local" name="firsttestngpackage.LoginPageTest" tests="1" failures="0" timestamp="2019-10-01T11:49:10 EDT" time="0.005" errors="0">
  <testcase name="loginPageTest" time="0.005" classname="firsttestngpackage.LoginPageTest"/>
</testsuite> <!-- firsttestngpackage.LoginPageTest -->
