<?xml version="1.0" encoding="UTF-8"?>
<!-- Generated by org.testng.reporters.JUnitReportReporter -->
<testsuite skipped="0" hostname="Poonams-MacBook-Air.local" name="firsttestngpackage.PreloginPageTest" tests="4" failures="0" timestamp="2019-09-29T10:56:06 EDT" time="0.192" errors="0">
  <testcase name="validateUrl" time="0.002" classname="firsttestngpackage.PreloginPageTest"/>
  <testcase name="validateHeaderFooter" time="0.181" classname="firsttestngpackage.PreloginPageTest"/>
  <testcase name="validateTabs" time="0.002" classname="firsttestngpackage.PreloginPageTest"/>
  <testcase name="validateLogo" time="0.007" classname="firsttestngpackage.PreloginPageTest"/>
</testsuite> <!-- firsttestngpackage.PreloginPageTest -->
