<?xml version="1.0" encoding="UTF-8"?>
<!-- Generated by org.testng.reporters.JUnitReportReporter -->
<testsuite hostname="Poonams-MacBook-Air.local" name="firsttestngpackage.FirstTestNGFile" tests="2" failures="0" timestamp="20 Aug 2017 18:24:18 GMT" time="9.488" errors="0">
  <testcase name="gotoURL" time="3.439" classname="firsttestngpackage.FirstTestNGFile"/>
  <testcase name="SignIn" time="6.049" classname="firsttestngpackage.FirstTestNGFile"/>
</testsuite> <!-- firsttestngpackage.FirstTestNGFile -->
