<?xml version="1.0" encoding="UTF-8"?>
<!-- Generated by org.testng.reporters.JUnitReportReporter -->
<testsuite skipped="0" hostname="Poonams-MacBook-Air.local" name="firsttestngpackage.FirstTestNGFile" tests="2" failures="0" timestamp="2019-09-29T10:56:06 EDT" time="0.003" errors="0">
  <testcase name="gotoURL" time="0.001" classname="firsttestngpackage.FirstTestNGFile"/>
  <testcase name="SignIn" time="0.002" classname="firsttestngpackage.FirstTestNGFile"/>
</testsuite> <!-- firsttestngpackage.FirstTestNGFile -->
