<?xml version="1.0" encoding="UTF-8"?>
<!-- Generated by org.testng.reporters.JUnitReportReporter -->
<testsuite name="firsttestngpackage.FirstTestNGFile" tests="2" time="9.204" ignored="0" failures="0" timestamp="29 Nov 2017 00:49:34 GMT" skipped="0" hostname="Poonams-MacBook-Air.local" errors="0">
  <testcase name="gotoURL" time="4.382" classname="firsttestngpackage.FirstTestNGFile"/>
  <testcase name="SignIn" time="4.822" classname="firsttestngpackage.FirstTestNGFile"/>
</testsuite> <!-- firsttestngpackage.FirstTestNGFile -->
