<?xml version="1.0" encoding="UTF-8"?>
<!-- Generated by org.testng.reporters.JUnitReportReporter -->
<testsuite skipped="0" hostname="Poonams-MacBook-Air.local" name="firsttestngpackage.PreloginPageTest" tests="4" failures="0" timestamp="2019-10-01T11:49:10 EDT" time="0.088" errors="0">
  <testcase name="validateLogo" time="0.001" classname="firsttestngpackage.PreloginPageTest"/>
  <testcase name="validateUrl" time="0.001" classname="firsttestngpackage.PreloginPageTest"/>
  <testcase name="validateHeaderFooter" time="0.084" classname="firsttestngpackage.PreloginPageTest"/>
  <testcase name="validateTabs" time="0.002" classname="firsttestngpackage.PreloginPageTest"/>
</testsuite> <!-- firsttestngpackage.PreloginPageTest -->
