<?xml version="1.0" encoding="UTF-8"?>
<!-- Generated by org.testng.reporters.JUnitReportReporter -->
<testsuite skipped="0" hostname="Poonams-MacBook-Air.local" name="firsttestngpackage.LoginPageTest" tests="1" failures="0" timestamp="2019-09-29T10:56:06 EDT" time="0.002" errors="0">
  <testcase name="loginPageTest" time="0.002" classname="firsttestngpackage.LoginPageTest"/>
</testsuite> <!-- firsttestngpackage.LoginPageTest -->
